SDPCryptogram/app/build/outputs/logs/manifest-merger-debug-report.txt
-- Merging decision tree log ---
manifest
ADDED from src/main/AndroidManifest.xml:2:1-27:12
INJECTED from src/main/AndroidManifest.xml:2:1-27:12
INJECTED from src/main/AndroidManifest.xml:2:1-27:12
INJECTED from src/main/AndroidManifest.xml:2:1-27:12
MERGED from [com.android.support.test:runner:1.0.2] AndroidManifest.xml:17:1-24:12
MERGED from [com.android.support:design:27.1.1] AndroidManifest.xml:17:1-22:12
MERGED from [com.android.support:appcompat-v7:27.1.1] AndroidManifest.xml:17:1-22:12
MERGED from [com.android.support.constraint:constraint-layout:1.1.2] AndroidManifest.xml:2:1-11:12
MERGED from [com.android.support:recyclerview-v7:27.1.1] AndroidManifest.xml:17:1-22:12
MERGED from [android.arch.persistence.room:runtime:1.0.0] AndroidManifest.xml:17:1-24:12
MERGED from [android.arch.lifecycle:extensions:1.1.0] AndroidManifest.xml:17:1-30:12
MERGED from [com.android.support.test:monitor:1.0.2] AndroidManifest.xml:17:1-24:12
MERGED from [com.android.support:animated-vector-drawable:27.1.1] AndroidManifest.xml:17:1-22:12
MERGED from [com.android.support:support-vector-drawable:27.1.1] AndroidManifest.xml:17:1-22:12
MERGED from [com.android.support:support-v4:27.1.1] AndroidManifest.xml:17:1-22:12
MERGED from [com.android.support:support-fragment:27.1.1] AndroidManifest.xml:17:1-22:12
MERGED from [com.android.support:support-core-ui:27.1.1] AndroidManifest.xml:17:1-22:12
MERGED from [com.android.support:transition:27.1.1] AndroidManifest.xml:17:1-22:12
MERGED from [com.android.support:support-media-compat:27.1.1] AndroidManifest.xml:17:1-22:12
MERGED from [com.android.support:support-core-utils:27.1.1] AndroidManifest.xml:17:1-22:12
MERGED from [com.android.support:support-compat:27.1.1] AndroidManifest.xml:17:1-22:12
MERGED from [android.arch.persistence:db-framework:1.0.0] AndroidManifest.xml:17:1-24:12
MERGED from [android.arch.persistence:db:1.0.0] AndroidManifest.xml:17:1-24:12
MERGED from [android.arch.lifecycle:runtime:1.1.0] AndroidManifest.xml:17:1-22:12
MERGED from [android.arch.lifecycle:livedata:1.1.0] AndroidManifest.xml:17:1-22:12
MERGED from [android.arch.lifecycle:livedata-core:1.1.0] AndroidManifest.xml:17:1-22:12
MERGED from [android.arch.core:runtime:1.1.0] AndroidManifest.xml:17:1-22:12
MERGED from [android.arch.lifecycle:viewmodel:1.1.0] AndroidManifest.xml:17:1-22:12
INJECTED from src/main/AndroidManifest.xml:2:1-27:12
INJECTED from src/main/AndroidManifest.xml:2:1-27:12
INJECTED from src/main/AndroidManifest.xml:2:1-27:12
	package
		ADDED from src/main/AndroidManifest.xml:3:5-47
		INJECTED from src/main/AndroidManifest.xml
		INJECTED from src/main/AndroidManifest.xml
	android:versionName
		INJECTED from src/main/AndroidManifest.xml
		ADDED from src/main/AndroidManifest.xml:2:1-27:12
		INJECTED from src/main/AndroidManifest.xml
	android:versionCode
		INJECTED from src/main/AndroidManifest.xml
		ADDED from src/main/AndroidManifest.xml:2:1-27:12
		INJECTED from src/main/AndroidManifest.xml
	xmlns:android
		ADDED from src/main/AndroidManifest.xml:2:11-69
application
ADDED from src/main/AndroidManifest.xml:5:5-25:19
MERGED from [com.android.support.constraint:constraint-layout:1.1.2] AndroidManifest.xml:9:5-20
MERGED from [com.android.support.constraint:constraint-layout:1.1.2] AndroidManifest.xml:9:5-20
MERGED from [android.arch.lifecycle:extensions:1.1.0] AndroidManifest.xml:22:5-28:19
MERGED from [android.arch.lifecycle:extensions:1.1.0] AndroidManifest.xml:22:5-28:19
	android:supportsRtl
		ADDED from src/main/AndroidManifest.xml:10:9-35
	android:label
		ADDED from src/main/AndroidManifest.xml:8:9-41
	android:roundIcon
		ADDED from src/main/AndroidManifest.xml:9:9-54
	android:icon
		ADDED from src/main/AndroidManifest.xml:7:9-43
	android:allowBackup
		ADDED from src/main/AndroidManifest.xml:6:9-35
	android:theme
		ADDED from src/main/AndroidManifest.xml:11:9-40
activity#edu.gatech.seclass.sdpcryptogram.SDPCryptogramActivity
ADDED from src/main/AndroidManifest.xml:12:9-18:20
	android:name
		ADDED from src/main/AndroidManifest.xml:12:19-56
intent-filter#action:name:android.intent.action.MAIN+category:name:android.intent.category.LAUNCHER
ADDED from src/main/AndroidManifest.xml:13:13-17:29
action#android.intent.action.MAIN
ADDED from src/main/AndroidManifest.xml:14:17-69
	android:name
		ADDED from src/main/AndroidManifest.xml:14:25-66
category#android.intent.category.LAUNCHER
ADDED from src/main/AndroidManifest.xml:16:17-77
	android:name
		ADDED from src/main/AndroidManifest.xml:16:27-74
activity#edu.gatech.seclass.sdpcryptogram.NewPlayerActivity
ADDED from src/main/AndroidManifest.xml:19:9-55
	android:name
		ADDED from src/main/AndroidManifest.xml:19:19-52
activity#edu.gatech.seclass.sdpcryptogram.PlayerActivity
ADDED from src/main/AndroidManifest.xml:20:9-52
	android:name
		ADDED from src/main/AndroidManifest.xml:20:19-49
activity#edu.gatech.seclass.sdpcryptogram.CryptogramActivity
ADDED from src/main/AndroidManifest.xml:21:9-55
	android:name
		ADDED from src/main/AndroidManifest.xml:21:19-53
activity#edu.gatech.seclass.sdpcryptogram.NewCryptogramActivity
ADDED from src/main/AndroidManifest.xml:22:9-58
	android:name
		ADDED from src/main/AndroidManifest.xml:22:19-56
activity#edu.gatech.seclass.sdpcryptogram.SelectCryptogramActivity
ADDED from src/main/AndroidManifest.xml:23:9-61
	android:name
		ADDED from src/main/AndroidManifest.xml:23:19-59
activity#edu.gatech.seclass.sdpcryptogram.CryptogramStatsActivity
ADDED from src/main/AndroidManifest.xml:24:9-60
	android:name
		ADDED from src/main/AndroidManifest.xml:24:19-58
uses-sdk
INJECTED from src/main/AndroidManifest.xml reason: use-sdk injection requested
INJECTED from src/main/AndroidManifest.xml
INJECTED from src/main/AndroidManifest.xml
MERGED from [com.android.support.test:runner:1.0.2] AndroidManifest.xml:20:5-22:41
MERGED from [com.android.support.test:runner:1.0.2] AndroidManifest.xml:20:5-22:41
MERGED from [com.android.support:design:27.1.1] AndroidManifest.xml:20:5-44
MERGED from [com.android.support:design:27.1.1] AndroidManifest.xml:20:5-44
MERGED from [com.android.support:appcompat-v7:27.1.1] AndroidManifest.xml:20:5-44
MERGED from [com.android.support:appcompat-v7:27.1.1] AndroidManifest.xml:20:5-44
MERGED from [com.android.support.constraint:constraint-layout:1.1.2] AndroidManifest.xml:5:5-7:41
MERGED from [com.android.support.constraint:constraint-layout:1.1.2] AndroidManifest.xml:5:5-7:41
MERGED from [com.android.support:recyclerview-v7:27.1.1] AndroidManifest.xml:20:5-44
MERGED from [com.android.support:recyclerview-v7:27.1.1] AndroidManifest.xml:20:5-44
MERGED from [android.arch.persistence.room:runtime:1.0.0] AndroidManifest.xml:20:5-22:41
MERGED from [android.arch.persistence.room:runtime:1.0.0] AndroidManifest.xml:20:5-22:41
MERGED from [android.arch.lifecycle:extensions:1.1.0] AndroidManifest.xml:20:5-44
MERGED from [android.arch.lifecycle:extensions:1.1.0] AndroidManifest.xml:20:5-44
MERGED from [com.android.support.test:monitor:1.0.2] AndroidManifest.xml:20:5-22:41
MERGED from [com.android.support.test:monitor:1.0.2] AndroidManifest.xml:20:5-22:41
MERGED from [com.android.support:animated-vector-drawable:27.1.1] AndroidManifest.xml:20:5-44
MERGED from [com.android.support:animated-vector-drawable:27.1.1] AndroidManifest.xml:20:5-44
MERGED from [com.android.support:support-vector-drawable:27.1.1] AndroidManifest.xml:20:5-44
MERGED from [com.android.support:support-vector-drawable:27.1.1] AndroidManifest.xml:20:5-44
MERGED from [com.android.support:support-v4:27.1.1] AndroidManifest.xml:20:5-44
MERGED from [com.android.support:support-v4:27.1.1] AndroidManifest.xml:20:5-44
MERGED from [com.android.support:support-fragment:27.1.1] AndroidManifest.xml:20:5-44
MERGED from [com.android.support:support-fragment:27.1.1] AndroidManifest.xml:20:5-44
MERGED from [com.android.support:support-core-ui:27.1.1] AndroidManifest.xml:20:5-44
MERGED from [com.android.support:support-core-ui:27.1.1] AndroidManifest.xml:20:5-44
MERGED from [com.android.support:transition:27.1.1] AndroidManifest.xml:20:5-44
MERGED from [com.android.support:transition:27.1.1] AndroidManifest.xml:20:5-44
MERGED from [com.android.support:support-media-compat:27.1.1] AndroidManifest.xml:20:5-44
MERGED from [com.android.support:support-media-compat:27.1.1] AndroidManifest.xml:20:5-44
MERGED from [com.android.support:support-core-utils:27.1.1] AndroidManifest.xml:20:5-44
MERGED from [com.android.support:support-core-utils:27.1.1] AndroidManifest.xml:20:5-44
MERGED from [com.android.support:support-compat:27.1.1] AndroidManifest.xml:20:5-44
MERGED from [com.android.support:support-compat:27.1.1] AndroidManifest.xml:20:5-44
MERGED from [android.arch.persistence:db-framework:1.0.0] AndroidManifest.xml:20:5-22:41
MERGED from [android.arch.persistence:db-framework:1.0.0] AndroidManifest.xml:20:5-22:41
MERGED from [android.arch.persistence:db:1.0.0] AndroidManifest.xml:20:5-22:41
MERGED from [android.arch.persistence:db:1.0.0] AndroidManifest.xml:20:5-22:41
MERGED from [android.arch.lifecycle:runtime:1.1.0] AndroidManifest.xml:20:5-44
MERGED from [android.arch.lifecycle:runtime:1.1.0] AndroidManifest.xml:20:5-44
MERGED from [android.arch.lifecycle:livedata:1.1.0] AndroidManifest.xml:20:5-44
MERGED from [android.arch.lifecycle:livedata:1.1.0] AndroidManifest.xml:20:5-44
MERGED from [android.arch.lifecycle:livedata-core:1.1.0] AndroidManifest.xml:20:5-44
MERGED from [android.arch.lifecycle:livedata-core:1.1.0] AndroidManifest.xml:20:5-44
MERGED from [android.arch.core:runtime:1.1.0] AndroidManifest.xml:20:5-44
MERGED from [android.arch.core:runtime:1.1.0] AndroidManifest.xml:20:5-44
MERGED from [android.arch.lifecycle:viewmodel:1.1.0] AndroidManifest.xml:20:5-44
MERGED from [android.arch.lifecycle:viewmodel:1.1.0] AndroidManifest.xml:20:5-44
INJECTED from src/main/AndroidManifest.xml
INJECTED from src/main/AndroidManifest.xml
	android:targetSdkVersion
		INJECTED from src/main/AndroidManifest.xml
		ADDED from src/main/AndroidManifest.xml
		INJECTED from src/main/AndroidManifest.xml
	android:minSdkVersion
		INJECTED from src/main/AndroidManifest.xml
		ADDED from src/main/AndroidManifest.xml
		INJECTED from src/main/AndroidManifest.xml
provider#android.arch.lifecycle.ProcessLifecycleOwnerInitializer
ADDED from [android.arch.lifecycle:extensions:1.1.0] AndroidManifest.xml:23:9-27:43
	android:authorities
		ADDED from [android.arch.lifecycle:extensions:1.1.0] AndroidManifest.xml:25:13-68
	android:multiprocess
		ADDED from [android.arch.lifecycle:extensions:1.1.0] AndroidManifest.xml:27:13-40
	android:exported
		ADDED from [android.arch.lifecycle:extensions:1.1.0] AndroidManifest.xml:26:13-37
	android:name
		ADDED from [android.arch.lifecycle:extensions:1.1.0] AndroidManifest.xml:24:13-83